20231128	13:46:37	b0936ce6-8b62-4b0a-b3b7-e1c75b35dd2f	GET	/	undefined
20231128	13:46:37	0ef3bdf8-dec8-4692-9d1c-e52dd40d19aa	GET	/css/globals.css	undefined
20231128	13:46:37	8c59a36b-50e3-4121-add9-5321b4cb109b	GET	/favicon.ico	undefined
20231128	13:46:39	b10d82f3-9976-4e8b-8b23-906cd3fd391b	GET	/	undefined
20231128	13:46:39	180036a0-1d10-4d6f-96f8-86a01ef23c88	GET	/css/globals.css	undefined
20231128	13:46:39	17b4a0bc-df23-493f-a167-34e91a5b351f	GET	/favicon.ico	undefined
20231128	13:47:09	749a7d4c-533e-4af1-a4aa-e7c1b606be11	GET	/	undefined
20231128	13:47:09	274cf532-777d-4762-b688-4a51278f2252	GET	/css/globals.css	undefined
20231128	13:47:13	2bb0abbe-22fd-4573-88b1-021e832f1112	GET	/	undefined
20231128	13:47:13	252e851d-9d75-4d1d-991b-bb7fce9b370c	GET	/css/globals.css	undefined
20231128	13:47:13	0c3bdff7-6455-4ae5-ab52-d89c0995bfae	GET	/favicon.ico	undefined
20231128	13:47:13	bb9534bf-daf5-45ca-88eb-7275857fd4e3	GET	/	undefined
20231128	13:47:13	fc9938a9-644f-4eda-b51e-08a071ef1094	GET	/css/globals.css	undefined
20231128	13:47:14	07d8d216-af46-4c3b-b782-c5d65c2f8a16	GET	/	undefined
20231128	13:47:14	8720abbd-21da-4a02-ba07-bacc5568e23c	GET	/css/globals.css	undefined
20231128	13:48:11	9035ab86-9a64-417f-b177-848fab88082f	GET	/	undefined
20231128	13:48:11	b73e3ec3-d98e-4807-9e8c-9657f40372c0	GET	/css/globals.css	undefined
20231128	13:48:12	f40a8594-0025-4837-992f-b7d482021542	GET	/	undefined
20231128	13:48:12	56af6734-2fdb-46e3-b917-fbef69114be1	GET	/css/globals.css	undefined
20231128	13:48:19	064c93a5-563e-4d76-b723-779e56226b52	GET	/	undefined
20231128	13:48:19	58477690-f029-4b45-84fd-dd25764421f7	GET	/css/globals.css	undefined
20231128	13:48:41	f52ab1da-025a-4884-8a52-fee44d0ae278	GET	/	undefined
20231128	13:48:41	1b4de666-cf4d-4979-a99b-ebefb5c26c5e	GET	/css/globals.css	undefined
20231128	13:48:48	2d3385dd-1ea3-4ea4-a62d-2511aa185401	GET	/	undefined
20231128	13:48:48	e8994c98-0d5e-45b5-bdce-611d0eadc846	GET	/css/globals.css	undefined
20231128	13:48:49	788fe8a6-0559-4498-bbbd-410a41f6b792	GET	/	undefined
20231128	13:48:49	34e3b2a0-e437-4670-9e08-5caca1a32b7b	GET	/css/globals.css	undefined
20231128	13:55:12	52d39b49-a7a2-4522-9bf3-f7aa5d12e0d7	GET	/	undefined
20231128	13:55:12	ba653b2c-66a9-4f19-94e5-11eb8a9c5d16	GET	/css/globals.css	undefined
20231128	13:55:12	833ae9af-c796-4add-ab3a-6747dbe591eb	GET	/favicon.ico	undefined
20231128	13:55:40	3d175630-387f-4f60-a806-e0e42ba48d3c	GET	/	undefined
20231128	13:55:40	d6cbedeb-4403-4f3e-8ad5-5881912c755c	GET	/css/globals.css	undefined
20231128	13:55:43	6c43c279-d2b5-4f5a-bbda-9aedb5227e18	GET	/404	undefined
20231128	13:55:43	7c2ff7d1-0952-4e15-99d7-9a6a0b35d4c9	GET	/css/style.css	undefined
20231128	13:55:47	e3cf3052-b202-4960-9cec-eaec179b3ff0	GET	/404	undefined
20231128	13:55:47	a049f808-c001-4c1b-8841-0dbf8da1779d	GET	/css/style.css	undefined
20231128	13:55:59	2509c0ef-6bf5-4bbf-8f9b-78bdf4c14cf1	GET	/404	undefined
20231128	13:55:59	299ab906-b0fa-495a-ab58-cb1e703472be	GET	/css/globals.css	undefined
20231128	13:56:14	640231a7-5052-41d5-b11e-29f591ad46a6	GET	/	undefined
20231128	13:56:14	b6e09a2d-ccde-4e8f-836f-8ac0a736fe5f	GET	/css/globals.css	undefined
20231128	13:56:36	c2587464-f93e-4673-9ba4-bbb6cb90c9ea	GET	/	undefined
20231128	13:56:36	3d89517c-3a68-478f-b87f-5d1e947bb908	GET	/css/globals.css	undefined
20231128	13:56:53	8d459c4e-f70d-4297-a4e8-596f99fd3be6	GET	/	undefined
20231128	13:56:53	a5e3a9f1-8ddd-47c9-a9cb-b71a4eaaec39	GET	/css/globals.css	undefined
20231128	13:57:50	594a0f16-99a4-4a46-8efc-d32dd3b10bbe	GET	/	undefined
20231128	13:57:50	fa2c70ce-2df7-4e5d-9959-09fe34a77b31	GET	/css/globals.css	undefined
20231128	13:58:01	10b010fb-255a-47a0-9488-657636ba4e47	GET	/	undefined
20231128	13:58:01	7251717b-6a22-48bc-905f-234ec21902cf	GET	/css/globals.css	undefined
20231128	13:58:02	cde0f0f5-7893-4e9e-88a9-3631ff140e7e	GET	/	undefined
20231128	13:58:02	bdc3f55d-8b44-4de1-93fb-e1c4d8df011f	GET	/css/globals.css	undefined
20231128	13:58:06	2e746742-63ef-498e-aa23-c2248a74123f	GET	/404	undefined
20231128	13:58:06	a2c21ffe-85d0-4377-9680-d97fae2f7705	GET	/css/globals.css	undefined
20231128	13:58:32	3b5a78e0-97b9-4f4f-be2c-4868a15b95f6	GET	/sdf	undefined
20231128	13:58:32	f32f2bf2-1f08-4626-84c7-b04c57516ae1	GET	/css/globals.css	undefined
20231128	13:59:04	e8566647-fdbf-4f91-8520-da3c83ce3582	GET	/sdf	undefined
20231128	13:59:04	5ef2650b-2a1d-4b6e-8184-a56a7737cd8c	GET	/css/globals.css	undefined
20231128	13:59:08	39534183-cd60-4617-b3e2-95cf5d5d3602	GET	/	undefined
20231128	13:59:08	52956abe-cd5d-48ae-b813-d7f9538c8973	GET	/css/globals.css	undefined
20231128	14:18:27	3a55286b-f075-40ea-9c97-01c78ca4932f	GET	/	undefined
20231128	14:18:27	780e0117-559c-466c-816b-690832f744b1	GET	/css/globals.css	undefined
20231128	14:19:00	2ac0ae69-0136-4a34-bd2c-a0f5eaead0cc	GET	/	undefined
20231128	14:19:00	ee26491e-3ab0-416c-8a32-e0a795ebf65f	GET	/css/globals.css	undefined
20231128	15:02:41	429343f3-0925-43e4-8770-6324be932cfd	GET	/users	undefined
20231128	15:17:04	cfac801c-bb14-4de6-8e23-751f34cfe110	GET	/users	undefined
20231128	15:18:51	84c46367-bbb2-4094-971e-f7f137dd6b5a	GET	/users	undefined
20231128	15:20:07	a88f38c6-54cb-42cf-8c15-4d925ebbee58	GET	/users	undefined
20231128	15:20:54	86a05dbc-aa51-47da-a013-43430d1c0f00	POST	/users	undefined
20231128	15:22:07	205594f0-c2d1-479c-a60f-17e7d21bc109	GET	/users/656578b797944f9448d868dc	undefined
20231128	15:24:14	e9f07de7-cce7-4f9e-9181-cfc271215c72	PATCH	/users/656578b797944f9448d868dc	undefined
20231128	15:24:18	4aa27ef0-01cf-4bb7-8dae-e3f59882e82b	PATCH	/users/656578b797944f9448d868dc	undefined
20231128	15:24:19	dd029a3f-e517-4cde-b692-ecec299b62b3	PATCH	/users/656578b797944f9448d868dc	undefined
20231128	15:25:00	93239b88-695c-44c0-b89a-cd6e90c2e128	PATCH	/users/656578b797944f9448d868dc	undefined
20231128	15:25:40	6ca357d7-49ee-4395-a75e-be231e1ef6c0	DELETE	/users/656578b797944f9448d868dc	undefined
20231128	15:25:45	e40d2f03-06fb-4575-8600-15e6874ec2e2	GET	/users	undefined
20231128	15:26:40	28b2765c-6a46-4407-8e23-c27d13c3584a	POST	/users	undefined
20231128	15:27:00	c47e3e2a-b69b-42d4-aa5b-ceda4dc1cbc6	GET	/users	undefined
20231128	15:27:16	0be0222e-e38e-46fe-86e7-eeca80c5fff8	POST	/users	undefined
20231128	15:27:19	4cb26cd0-48c0-47af-be16-a4cfe38a88a5	GET	/users	undefined
20231128	15:27:55	8429a2f1-febb-4c2a-a7e0-94d844b2246c	GET	/users/65657a1097944f9448d868e5	undefined
20231128	15:28:26	35bddff7-78ef-4aad-b906-3f44131190fa	PATCH	/users/65657a1097944f9448d868e5	undefined
20231128	15:28:40	1e735a79-e3e8-4d0d-88b3-2a371b0fadb6	DELETE	/users/656578b797944f9448d868dc	undefined
20231128	15:28:55	3b85a2c4-63bb-4ab4-96ce-fbe10b76c5b4	DELETE	/users/65657a1097944f9448d868e5	undefined
20231128	15:29:00	c8556b36-6329-49f3-98ce-e31342440c52	GET	/users	undefined
20231128	15:48:23	eac0608c-481b-4670-9ba4-3add31378ce6	GET	/users	undefined
20231128	15:48:23	df77faab-1538-4de4-bee4-fd692044b665	POST	/users	undefined
20231128	15:48:23	779f6bd1-6a7b-4a6d-babc-ef35318d6725	GET	/users/656578b797944f9448d868dc	undefined
20231128	15:48:24	e5d70236-453d-4d63-b48f-3977dd6fd4cb	PATCH	/users/656578b797944f9448d868dc	undefined
20231128	15:48:24	5c3009c6-7ca2-4cb8-9743-8c8ae62f8fbd	DELETE	/users/656578b797944f9448d868dc	undefined
20231128	15:48:49	2b730af2-8277-453b-811f-a79f44a01023	GET	/users	undefined
20231128	15:48:49	d39d6533-de86-4137-8fb7-a62904bef979	POST	/users	undefined
20231128	15:48:50	114f1922-55c7-4e08-bbd1-8f32dfbb1948	GET	/users/656578b797944f9448d868dc	undefined
20231128	15:48:50	0cb59436-fe3d-47fb-a49e-130177fb4baa	PATCH	/users/656578b797944f9448d868dc	undefined
20231128	15:48:50	85ecdd4c-1948-440f-86a8-a0b31d41cbc5	DELETE	/users/656578b797944f9448d868dc	undefined
20231128	15:49:21	2767cad0-d012-4bf9-9f87-525ece9c86bc	POST	/users	undefined
20231128	15:49:59	ad480d88-7b8a-40f2-858e-282369391990	GET	/users	undefined
20231128	15:49:59	fca3ca8e-cd98-4efe-9215-867743f683f8	POST	/users	undefined
20231128	15:50:00	3df8da9a-40e7-4f55-bdfe-52cd142359f9	GET	/users/656578b797944f9448d868dc	undefined
20231128	15:50:00	f818d004-3a31-4a92-a580-54a20ccaa3b3	PATCH	/users/656578b797944f9448d868dc	undefined
20231128	15:50:00	92f9b062-baa3-4e91-a382-d92d52542196	DELETE	/users/656578b797944f9448d868dc	undefined
20231128	15:57:56	a0d4a840-9502-4b09-86ef-27c634b738b6	GET	/tiles	undefined
20231128	16:00:28	a9d97a29-7f34-48c6-9b24-b471ea70d2dd	POST	/tiles	undefined
20231128	16:01:04	00891b4c-d165-4189-a87f-650a0b4b9096	GET	/tiles	undefined
20231128	16:01:46	f2b7cef2-6b3b-4b80-bf03-8d04da673aa2	GET	/tiles	undefined
20231128	16:01:50	27da894d-d729-4b58-b280-9752844f9848	POST	/tiles	undefined
20231128	16:02:12	292f6465-a404-4fd4-8e63-28389faf0d31	POST	/tiles	undefined
20231128	16:02:16	4f201cd8-f2bb-4077-8600-576754f3cb22	GET	/users	undefined
20231128	16:02:34	ae869d93-7f64-4f99-8573-a948af037122	POST	/tiles	undefined
20231128	16:10:03	125d83a5-fc39-4842-b760-3cd9d512dc24	GET	/tiles/656581fcb39236c0020e3040	undefined
20231128	16:10:07	f00940ed-58a1-4b54-bb8d-363e37a29ccd	GET	/tiles	undefined
20231128	16:10:25	d0b4c92c-84bc-44ab-949b-ca3274b706a5	GET	/tiles/656581fcb39236c0020e3040	undefined
20231128	16:10:54	9dde7ab1-ee1b-4b43-be47-44867460cfaa	PATCH	/tiles/656581fcb39236c0020e3040	undefined
20231128	16:11:24	6f6d785c-a327-4c63-95cc-aad5bc82247f	GET	/users	undefined
20231128	16:11:35	931e738f-8e7b-4418-a443-79dbfc68a8cf	PATCH	/tiles/656581fcb39236c0020e3040	undefined
20231128	16:11:38	6f7cbea0-86a6-4612-9657-923a767417b6	PATCH	/tiles/656581fcb39236c0020e3040	undefined
20231128	16:11:40	b1e8a554-6924-415a-abf1-d46ff7aeeb0e	PATCH	/tiles/656581fcb39236c0020e3040	undefined
20231128	16:11:58	55754ad3-57f9-4bb1-aef4-0a0a3871c27d	PATCH	/tiles/656581fcb39236c0020e3040	undefined
20231128	16:12:05	2178e4db-a6a2-47ed-8a65-684db3bd1714	PATCH	/tiles/656581fcb39236c0020e3040	undefined
20231128	16:12:45	99447d4b-53d1-4fc4-9321-c39dca26e26c	DELETE	/tiles/656581fcb39236c0020e3040	undefined
20231128	16:12:48	6a893724-b76c-4153-863a-d6e1178a3ed7	GET	/tiles	undefined
20231128	16:12:56	a225eaff-f9a7-4cbb-90a9-fbe6aad65719	DELETE	/tiles/6565827ae7932a76a3bc7316	undefined
20231128	16:12:58	8a6e73c2-5613-43ac-9cc7-0a3ae3ba2417	GET	/tiles	undefined
20231128	16:13:01	08d34fad-ce39-4e93-b8a5-4afe8a13ff78	GET	/users	undefined
20231128	16:13:14	67eda0ea-bf7a-4eef-8d9b-e43f0a135ce8	DELETE	/users/656578b797944f9448d868dc	undefined
20231128	16:13:34	a9c801bd-30bc-4550-812b-1b03360c90ae	DELETE	/users/65657a3497944f9448d868e8	undefined
20231128	16:13:38	bc459a5a-0d54-4c5b-895d-77adc7d23355	GET	/users	undefined
20231128	16:13:48	f6029a68-9082-4104-b68b-b723afd62843	DELETE	/users/65657f2797944f9448d868f1	undefined
20231128	16:13:49	6e92d79f-1e14-4b1d-8934-9900c7822b38	GET	/users	undefined
20231128	16:16:33	fb6b84e6-7b72-4d6a-91af-0a8b5da82de8	GET	/boards	undefined
20231128	16:16:45	f9e22464-09c8-4bed-ab1a-7607b0c22a31	POST	/boards	undefined
20231128	16:18:28	ed6fe9b8-4074-4d0c-997d-cd641b4e0746	POST	/users	undefined
20231128	16:18:31	752e8cae-8f6d-4093-870d-53f858590a7c	GET	/users	undefined
20231128	16:19:07	56d0c418-8f4e-490a-b6a2-ebbb35303441	POST	/boards	undefined
20231128	16:19:50	b69626d9-0ba7-41bb-9c48-6c82b181e1ed	GET	/boards/6565865bf976c47caa6a87a0	undefined
20231128	16:20:11	9f51b9f5-15d3-41d8-8354-9048885449e5	PATCH	/boards/6565865bf976c47caa6a87a0	undefined
20231128	16:20:28	be13600a-a21f-4319-b572-236e0ffa3f05	PATCH	/boards/6565865bf976c47caa6a87a0	undefined
20231128	16:21:07	58e0fcf4-9ae5-46af-a0a0-88ebf541cefd	DELETE	/boards/6565865bf976c47caa6a87a0	undefined
